
> deelyo.github.io@1.0.0 build-storybook
> storybook build --output-dir /var/folders/64/jxj29bb51rv72g60_zn540fh0000gn/T/chromatic--85338-OPUgNfblEzk9

@storybook/cli v8.0.0

info => Cleaning outputDir: ../../../../../var/folders/64/jxj29bb51rv72g60_zn540fh0000gn/T/chromatic--85338-OPUgNfblEzk9
info => Loading presets
info => Building manager..
info => Manager built (136 ms)
info => Building preview..
info Addon-docs: using MDX3
info => Using implicit CSS loaders
info => Using default Webpack5 setup
WARN asset size limit: The following asset(s) exceed the recommended size limit (244 KiB).
WARN This can impact web performance.
WARN Assets: 
WARN   static/media/addon-library.7a58d2cb.png (456 KiB)
WARN   984.4500fb72.iframe.bundle.js (989 KiB)
WARN   3.5b45a0e1.iframe.bundle.js (897 KiB)
WARN   716.05e1391c.iframe.bundle.js (1.21 MiB)
WARN entrypoint size limit: The following entrypoint(s) combined asset size exceeds the recommended limit (244 KiB). This can impact web performance.
WARN Entrypoints:
WARN   main (1.23 MiB)
WARN       runtime~main.7644e54a.iframe.bundle.js
WARN       716.05e1391c.iframe.bundle.js
WARN       main.d1f127a0.iframe.bundle.js
WARN 
info => Preview built (5.22 s)
info => Output directory: /var/folders/64/jxj29bb51rv72g60_zn540fh0000gn/T/chromatic--85338-OPUgNfblEzk9
